<?xml version="1.0" encoding="UTF-8"?>
<testng-results ignored="0" total="1" passed="1" failed="0" skipped="0">
  <reporter-output>
  </reporter-output>
  <suite started-at="2024-06-19T17:28:42 EDT" name="Surefire suite" finished-at="2024-06-19T17:28:42 EDT" duration-ms="317">
    <groups>
    </groups>
    <test started-at="2024-06-19T17:28:42 EDT" name="Surefire test" finished-at="2024-06-19T17:28:42 EDT" duration-ms="317">
      <class name="com.gmail.Hello1.AppTest">
        <test-method signature="testApp()" started-at="2024-06-19T17:28:42 EDT" name="testApp" finished-at="2024-06-19T17:28:42 EDT" duration-ms="14" status="PASS">
          <reporter-output>
          </reporter-output>
        </test-method> <!-- testApp -->
      </class> <!-- com.gmail.Hello1.AppTest -->
    </test> <!-- Surefire test -->
  </suite> <!-- Surefire suite -->
</testng-results>
